app/build/intermediates/manifest_merge_blame_file/debug/manifest-merger-blame-debug-report.txt
1<?xml version="1.0" encoding="utf-8"?>
2<manifest xmlns:android="http://schemas.android.com/apk/res/android"
3    package="com.example.wheelpick"
4    android:versionCode="1"
5    android:versionName="1.0" >
6
7    <uses-sdk
8        android:minSdkVersion="22"
8-->src/main/AndroidManifest.xml
9        android:targetSdkVersion="30" />
9-->src/main/AndroidManifest.xml
10
11    <application
11-->src/main/AndroidManifest.xml:5:5-26:19
12        android:allowBackup="true"
12-->src/main/AndroidManifest.xml:6:9-35
13        android:appComponentFactory="android.support.v4.app.CoreComponentFactory"
13-->[com.android.support:support-compat:28.0.0] AndroidManifest.xml:22:18-91
14        android:debuggable="true"
15        android:icon="@mipmap/ic_launcher"
15-->src/main/AndroidManifest.xml:7:9-43
16        android:label="@string/app_name"
16-->src/main/AndroidManifest.xml:8:9-41
17        android:roundIcon="@mipmap/ic_launcher_round"
17-->src/main/AndroidManifest.xml:9:9-54
18        android:supportsRtl="true"
18-->src/main/AndroidManifest.xml:10:9-35
19        android:testOnly="true"
20        android:theme="@style/Theme.Wheelpick" >
20-->src/main/AndroidManifest.xml:11:9-47
21        <activity android:name="com.example.wheelpick.mylist" />
21-->src/main/AndroidManifest.xml:12:9-53
21-->src/main/AndroidManifest.xml:12:19-41
22        <activity
22-->src/main/AndroidManifest.xml:13:9-15:50
23            android:name="com.example.wheelpick.about"
23-->src/main/AndroidManifest.xml:14:13-34
24            android:parentActivityName="com.example.wheelpick.form" />
24-->src/main/AndroidManifest.xml:15:13-47
25        <activity
25-->src/main/AndroidManifest.xml:16:9-18:58
26            android:name="com.example.wheelpick.form"
26-->src/main/AndroidManifest.xml:17:13-33
27            android:parentActivityName="com.example.wheelpick.MainActivity" />
27-->src/main/AndroidManifest.xml:18:13-55
28        <activity android:name="com.example.wheelpick.MainActivity" >
28-->src/main/AndroidManifest.xml:19:9-25:20
28-->src/main/AndroidManifest.xml:19:19-47
29            <intent-filter>
29-->src/main/AndroidManifest.xml:20:13-24:29
30                <action android:name="android.intent.action.MAIN" />
30-->src/main/AndroidManifest.xml:21:17-69
30-->src/main/AndroidManifest.xml:21:25-66
31
32                <category android:name="android.intent.category.LAUNCHER" />
32-->src/main/AndroidManifest.xml:23:17-77
32-->src/main/AndroidManifest.xml:23:27-74
33            </intent-filter>
34        </activity>
35    </application>
36
37</manifest>